<?xml version="1.0" encoding="UTF-8"?>
<!-- Generated by org.testng.reporters.JUnitReportReporter -->
<testsuite skipped="1" hostname="SZDJZBDT0105" name="com.yw.testcase.MaterialBasicTest" tests="5" failures="0" timestamp="01 二月 2019 00:38:01 GMT" time="10.235" errors="0">
  <testcase name="materialBasicIndex" time="2.368" classname="com.yw.testcase.MaterialBasicTest"/>
  <testcase name="materialBasicModify" time="4.114" classname="com.yw.testcase.MaterialBasicTest"/>
  <testcase name="materialBasicCheck" time="2.088" classname="com.yw.testcase.MaterialBasicTest"/>
  <testcase name="materialBasicDel" time="1.665" classname="com.yw.testcase.MaterialBasicTest"/>
  <testcase name="materialBasicCreate" classname="com.yw.testcase.MaterialBasicTest">
    <skipped/>
  </testcase> <!-- materialBasicCreate -->
</testsuite> <!-- com.yw.testcase.MaterialBasicTest -->
