<?xml version="1.0" encoding="UTF-8"?>
<!-- Generated by org.testng.reporters.JUnitReportReporter -->
<testsuite skipped="2" hostname="SZDJZBDT0105" name="com.yw.testcase.MaterialsApplicationTest" tests="6" failures="0" timestamp="01 二月 2019 07:51:05 GMT" time="11.371" errors="0">
  <testcase name="materialsApplicationIndex" time="1.749" classname="com.yw.testcase.MaterialsApplicationTest"/>
  <testcase name="materialsApplicationCreate" time="4.593" classname="com.yw.testcase.MaterialsApplicationTest"/>
  <testcase name="materialsApplicationSub" time="1.133" classname="com.yw.testcase.MaterialsApplicationTest"/>
  <testcase name="materialsApplicationAud" time="3.896" classname="com.yw.testcase.MaterialsApplicationTest"/>
  <testcase name="materialsApplicationMod" classname="com.yw.testcase.MaterialsApplicationTest">
    <skipped/>
  </testcase> <!-- materialsApplicationMod -->
  <testcase name="materialsApplicationDel" classname="com.yw.testcase.MaterialsApplicationTest">
    <skipped/>
  </testcase> <!-- materialsApplicationDel -->
</testsuite> <!-- com.yw.testcase.MaterialsApplicationTest -->
